15-Jul-2018 00:06:32.523 INFO [maven-repo-cleanup thread] hudson.model.AsyncPeriodicWork$1.run Started maven-repo-cleanup
15-Jul-2018 00:06:32.561 INFO [7583] hudson.model.AsyncPeriodicWork$1.run Finished maven-repo-cleanup. 6 ms
15-Jul-2018 01:06:32.522 INFO [maven-repo-cleanup thread] hudson.model.AsyncPeriodicWork$1.run Started maven-repo-cleanup
15-Jul-2018 01:06:32.535 INFO [7952] hudson.model.AsyncPeriodicWork$1.run Finished maven-repo-cleanup. 5 ms
15-Jul-2018 02:06:32.517 INFO [maven-repo-cleanup thread] hudson.model.AsyncPeriodicWork$1.run Started maven-repo-cleanup
15-Jul-2018 02:06:32.526 INFO [maven-repo-cleanup thread] hudson.model.AsyncPeriodicWork$1.run Finished maven-repo-cleanup. 4 ms
15-Jul-2018 03:06:32.517 INFO [maven-repo-cleanup thread] hudson.model.AsyncPeriodicWork$1.run Started maven-repo-cleanup
15-Jul-2018 03:06:32.535 INFO [8644] hudson.model.AsyncPeriodicWork$1.run Finished maven-repo-cleanup. 13 ms
15-Jul-2018 04:06:32.516 INFO [maven-repo-cleanup thread] hudson.model.AsyncPeriodicWork$1.run Started maven-repo-cleanup
15-Jul-2018 04:06:32.526 INFO [9013] hudson.model.AsyncPeriodicWork$1.run Finished maven-repo-cleanup. 3 ms
15-Jul-2018 04:24:00.887 INFO [Workspace clean-up thread] hudson.model.AsyncPeriodicWork$1.run Started Workspace clean-up
15-Jul-2018 04:24:00.982 INFO [9116] hudson.model.AsyncPeriodicWork$1.run Finished Workspace clean-up. 90 ms
15-Jul-2018 05:06:32.516 INFO [maven-repo-cleanup thread] hudson.model.AsyncPeriodicWork$1.run Started maven-repo-cleanup
15-Jul-2018 05:06:32.543 INFO [9383] hudson.model.AsyncPeriodicWork$1.run Finished maven-repo-cleanup. 23 ms
15-Jul-2018 06:06:32.517 INFO [maven-repo-cleanup thread] hudson.model.AsyncPeriodicWork$1.run Started maven-repo-cleanup
15-Jul-2018 06:06:32.548 INFO [9746] hudson.model.AsyncPeriodicWork$1.run Finished maven-repo-cleanup. 8 ms
15-Jul-2018 07:06:32.516 INFO [maven-repo-cleanup thread] hudson.model.AsyncPeriodicWork$1.run Started maven-repo-cleanup
15-Jul-2018 07:06:32.528 INFO [10105] hudson.model.AsyncPeriodicWork$1.run Finished maven-repo-cleanup. 3 ms
15-Jul-2018 08:06:32.516 INFO [maven-repo-cleanup thread] hudson.model.AsyncPeriodicWork$1.run Started maven-repo-cleanup
15-Jul-2018 08:06:32.524 INFO [10475] hudson.model.AsyncPeriodicWork$1.run Finished maven-repo-cleanup. 3 ms
15-Jul-2018 09:06:32.516 INFO [maven-repo-cleanup thread] hudson.model.AsyncPeriodicWork$1.run Started maven-repo-cleanup
15-Jul-2018 09:06:32.542 INFO [10845] hudson.model.AsyncPeriodicWork$1.run Finished maven-repo-cleanup. 15 ms
15-Jul-2018 09:44:58.523 INFO [Download metadata thread] hudson.model.AsyncPeriodicWork$1.run Started Download metadata
15-Jul-2018 09:45:56.207 INFO [Download metadata thread] hudson.model.UpdateSite.updateData Obtained the latest update center data file for UpdateSource default
15-Jul-2018 09:46:00.272 INFO [Download metadata thread] hudson.model.DownloadService$Downloadable.load Obtained the updated data file for hudson.tasks.Maven.MavenInstaller
15-Jul-2018 09:46:01.083 INFO [Download metadata thread] hudson.model.DownloadService$Downloadable.load Obtained the updated data file for hudson.tasks.Ant.AntInstaller
15-Jul-2018 09:46:02.657 INFO [Download metadata thread] hudson.model.DownloadService$Downloadable.load Obtained the updated data file for hudson.plugins.gradle.GradleInstaller
15-Jul-2018 09:46:21.358 INFO [11082] hudson.model.DownloadService$Downloadable.load Obtained the updated data file for hudson.tools.JDKInstaller
15-Jul-2018 09:46:21.359 INFO [11082] hudson.model.AsyncPeriodicWork$1.run Finished Download metadata. 82,834 ms
15-Jul-2018 10:06:32.517 INFO [maven-repo-cleanup thread] hudson.model.AsyncPeriodicWork$1.run Started maven-repo-cleanup
15-Jul-2018 10:06:32.530 INFO [11223] hudson.model.AsyncPeriodicWork$1.run Finished maven-repo-cleanup. 7 ms
15-Jul-2018 11:06:32.518 INFO [maven-repo-cleanup thread] hudson.model.AsyncPeriodicWork$1.run Started maven-repo-cleanup
15-Jul-2018 11:06:32.554 INFO [11592] hudson.model.AsyncPeriodicWork$1.run Finished maven-repo-cleanup. 26 ms
15-Jul-2018 12:06:32.521 INFO [11962] hudson.model.AsyncPeriodicWork$1.run Started maven-repo-cleanup
15-Jul-2018 12:06:32.523 INFO [11962] hudson.model.AsyncPeriodicWork$1.run Finished maven-repo-cleanup. 1 ms
